>>>>>>>>>>>>>><<<<<<<<<<<<<<
2023-06-02 09:02:09,309 - INFO - Successfully executed query:
DELETE FROM nar_temp

Records scanned: 0
>>>>>>>>>>>>>><<<<<<<<<<<<<<
2023-06-02 09:02:09,309 - INFO - Time taken: 0.005 seconds
>>>>>>>>>>>>>><<<<<<<<<<<<<<


>>>>>>>>>>>>>><<<<<<<<<<<<<<
2023-06-02 09:02:09,348 - INFO - Successfully executed query:

    INSERT INTO nar_temp
    (
    source_name,
    author,
    title,
    url,
    publish_date
    )
    VALUES (%s, %s, %s, %s, %s)
    

Records scanned: 500
>>>>>>>>>>>>>><<<<<<<<<<<<<<
2023-06-02 09:02:09,348 - INFO - Time taken: 0.038 seconds
>>>>>>>>>>>>>><<<<<<<<<<<<<<


>>>>>>>>>>>>>><<<<<<<<<<<<<<
2023-06-02 09:02:09,369 - INFO - Successfully executed query:

    INSERT INTO news_articles
    (
    source_name,
    author,
    title,
    url,
    publish_date
    )
    SELECT
        tp.source_name,
        tp.author,
        tp.title,
        tp.url,
        tp.publish_date
    FROM nar_temp AS tp
    LEFT JOIN news_articles AS mn
        ON tp.title = mn.title
            AND CAST(LEFT(tp.publish_date, 10) AS DATE) = CAST(LEFT(mn.publish_date, 10) AS DATE)
            AND tp.author = mn.author
    

Records scanned: 500
>>>>>>>>>>>>>><<<<<<<<<<<<<<
2023-06-02 09:02:09,369 - INFO - Time taken: 0.022 seconds
>>>>>>>>>>>>>><<<<<<<<<<<<<<


>>>>>>>>>>>>>><<<<<<<<<<<<<<
2023-06-02 09:02:09,376 - INFO - Successfully executed query:
DELETE FROM nar_temp

Records scanned: 500
>>>>>>>>>>>>>><<<<<<<<<<<<<<
2023-06-02 09:02:09,376 - INFO - Time taken: 0.007 seconds
>>>>>>>>>>>>>><<<<<<<<<<<<<<


>>>>>>>>>>>>>><<<<<<<<<<<<<<
2023-06-02 09:05:55,595 - INFO - Successfully executed query:
DELETE FROM nar_temp

Records scanned: 0
>>>>>>>>>>>>>><<<<<<<<<<<<<<
2023-06-02 09:05:55,595 - INFO - Time taken: 0.001 seconds
>>>>>>>>>>>>>><<<<<<<<<<<<<<


>>>>>>>>>>>>>><<<<<<<<<<<<<<
2023-06-02 09:05:55,629 - INFO - Successfully executed query:

    INSERT INTO nar_temp
    (
    source_name,
    author,
    title,
    url,
    publish_date
    )
    VALUES (%s, %s, %s, %s, %s)
    

Records scanned: 368
>>>>>>>>>>>>>><<<<<<<<<<<<<<
2023-06-02 09:05:55,629 - INFO - Time taken: 0.034 seconds
>>>>>>>>>>>>>><<<<<<<<<<<<<<


>>>>>>>>>>>>>><<<<<<<<<<<<<<
2023-06-02 09:05:55,667 - INFO - Successfully executed query:

    INSERT INTO news_articles
    (
    source_name,
    author,
    title,
    url,
    publish_date
    )
    SELECT
        tp.source_name,
        tp.author,
        tp.title,
        tp.url,
        tp.publish_date
    FROM nar_temp AS tp
    LEFT JOIN news_articles AS mn
        ON tp.title = mn.title
            AND CAST(LEFT(tp.publish_date, 10) AS DATE) = CAST(LEFT(mn.publish_date, 10) AS DATE)
            AND tp.author = mn.author
    

Records scanned: 368
>>>>>>>>>>>>>><<<<<<<<<<<<<<
2023-06-02 09:05:55,667 - INFO - Time taken: 0.038 seconds
>>>>>>>>>>>>>><<<<<<<<<<<<<<


>>>>>>>>>>>>>><<<<<<<<<<<<<<
2023-06-02 09:05:55,672 - INFO - Successfully executed query:
DELETE FROM nar_temp

Records scanned: 368
>>>>>>>>>>>>>><<<<<<<<<<<<<<
2023-06-02 09:05:55,672 - INFO - Time taken: 0.005 seconds
>>>>>>>>>>>>>><<<<<<<<<<<<<<


>>>>>>>>>>>>>><<<<<<<<<<<<<<
2023-06-02 09:22:02,042 - INFO - Successfully executed query:
DELETE FROM nar_temp

Records scanned: 0
>>>>>>>>>>>>>><<<<<<<<<<<<<<
2023-06-02 09:22:02,042 - INFO - Time taken: 0.001 seconds
>>>>>>>>>>>>>><<<<<<<<<<<<<<


>>>>>>>>>>>>>><<<<<<<<<<<<<<
2023-06-02 09:22:02,053 - INFO - Successfully executed query:

    INSERT INTO nar_temp
    (
    source_name,
    author,
    title,
    url,
    publish_date
    )
    VALUES (%s, %s, %s, %s, %s)
    

Records scanned: 275
>>>>>>>>>>>>>><<<<<<<<<<<<<<
2023-06-02 09:22:02,054 - INFO - Time taken: 0.012 seconds
>>>>>>>>>>>>>><<<<<<<<<<<<<<


>>>>>>>>>>>>>><<<<<<<<<<<<<<
2023-06-02 09:22:02,060 - INFO - Successfully executed query:

    INSERT INTO news_articles
    (
    source_name,
    author,
    title,
    url,
    publish_date
    )
    SELECT
        tp.source_name,
        tp.author,
        tp.title,
        tp.url,
        tp.publish_date
    FROM nar_temp AS tp
    LEFT JOIN news_articles AS mn
        ON tp.title = mn.title
            AND CAST(LEFT(tp.publish_date, 10) AS DATE) = CAST(LEFT(mn.publish_date, 10) AS DATE)
            AND tp.author = mn.author
    

Records scanned: 275
>>>>>>>>>>>>>><<<<<<<<<<<<<<
2023-06-02 09:22:02,060 - INFO - Time taken: 0.006 seconds
>>>>>>>>>>>>>><<<<<<<<<<<<<<


>>>>>>>>>>>>>><<<<<<<<<<<<<<
2023-06-02 09:22:02,060 - INFO - Successfully executed query:
DELETE FROM nar_temp

Records scanned: 275
>>>>>>>>>>>>>><<<<<<<<<<<<<<
2023-06-02 09:22:02,060 - INFO - Time taken: 0.000 seconds
>>>>>>>>>>>>>><<<<<<<<<<<<<<


>>>>>>>>>>>>>><<<<<<<<<<<<<<
2023-06-02 10:44:10,759 - INFO - Successfully executed query:
DELETE FROM nar_temp

Records scanned: 0
>>>>>>>>>>>>>><<<<<<<<<<<<<<
2023-06-02 10:44:10,760 - INFO - Time taken: 0.002 seconds
>>>>>>>>>>>>>><<<<<<<<<<<<<<


>>>>>>>>>>>>>><<<<<<<<<<<<<<
2023-06-02 10:44:10,767 - INFO - Successfully executed query:

    INSERT INTO nar_temp
    (
    source_name,
    author,
    title,
    url,
    publish_date,
    content
    )
    VALUES (%s, %s, %s, %s, %s, %s)
    

Records scanned: 44
>>>>>>>>>>>>>><<<<<<<<<<<<<<
2023-06-02 10:44:10,767 - INFO - Time taken: 0.007 seconds
>>>>>>>>>>>>>><<<<<<<<<<<<<<


>>>>>>>>>>>>>><<<<<<<<<<<<<<
2023-06-02 10:44:10,776 - INFO - Successfully executed query:

    INSERT INTO news_articles
    (
    source_name,
    author,
    title,
    url,
    publish_date,
    content
    )
    SELECT
        tp.source_name,
        tp.author,
        tp.title,
        tp.url,
        tp.publish_date,
        tp.content
    FROM nar_temp AS tp
    LEFT JOIN news_articles AS mn
        ON tp.title = mn.title
            AND CAST(LEFT(tp.publish_date, 10) AS DATE) = CAST(LEFT(mn.publish_date, 10) AS DATE)
            AND tp.author = mn.author
    

Records scanned: 44
>>>>>>>>>>>>>><<<<<<<<<<<<<<
2023-06-02 10:44:10,776 - INFO - Time taken: 0.010 seconds
>>>>>>>>>>>>>><<<<<<<<<<<<<<


>>>>>>>>>>>>>><<<<<<<<<<<<<<
2023-06-02 10:44:10,777 - INFO - Successfully executed query:
DELETE FROM nar_temp

Records scanned: 44
>>>>>>>>>>>>>><<<<<<<<<<<<<<
2023-06-02 10:44:10,777 - INFO - Time taken: 0.001 seconds
>>>>>>>>>>>>>><<<<<<<<<<<<<<


